<?xml version="1.0" encoding="UTF-8"?>
<testng-results ignored="0" total="1" passed="1" failed="0" skipped="0">
  <reporter-output>
  </reporter-output>
  <suite started-at="2023-06-23T15:56:02 IST" name="Suite" finished-at="2023-06-23T15:56:32 IST" duration-ms="29277">
    <groups>
    </groups>
    <test started-at="2023-06-23T15:56:02 IST" name="Test" finished-at="2023-06-23T15:56:32 IST" duration-ms="29277">
      <class name="testCases.addToCartAndVerify">
        <test-method is-config="true" signature="launchURL()[pri:0, instance:testCases.addToCartAndVerify@1ab3a8c8]" started-at="2023-06-23T15:56:02 IST" name="launchURL" finished-at="2023-06-23T15:56:26 IST" duration-ms="23190" status="PASS">
          <reporter-output>
          </reporter-output>
        </test-method> <!-- launchURL -->
        <test-method signature="addToCart()[pri:0, instance:testCases.addToCartAndVerify@1ab3a8c8]" started-at="2023-06-23T15:56:26 IST" name="addToCart" finished-at="2023-06-23T15:56:32 IST" duration-ms="5953" status="PASS">
          <reporter-output>
          </reporter-output>
        </test-method> <!-- addToCart -->
      </class> <!-- testCases.addToCartAndVerify -->
    </test> <!-- Test -->
  </suite> <!-- Suite -->
</testng-results>
