<?xml version="1.0" encoding="UTF-8"?>
<testng-results ignored="0" total="1" passed="1" failed="0" skipped="0">
  <reporter-output>
  </reporter-output>
  <suite started-at="2023-06-22T18:25:35 IST" name="Default suite" finished-at="2023-06-22T18:25:51 IST" duration-ms="16103">
    <groups>
    </groups>
    <test started-at="2023-06-22T18:25:35 IST" name="Default test" finished-at="2023-06-22T18:25:51 IST" duration-ms="16103">
      <class name="testCases.addToCartAndVerify">
        <test-method is-config="true" signature="launchURL()[pri:0, instance:testCases.addToCartAndVerify@4d9e68d0]" started-at="2023-06-22T18:25:35 IST" name="launchURL" finished-at="2023-06-22T18:25:47 IST" duration-ms="11847" status="PASS">
          <reporter-output>
          </reporter-output>
        </test-method> <!-- launchURL -->
        <test-method signature="addToCart()[pri:0, instance:testCases.addToCartAndVerify@4d9e68d0]" started-at="2023-06-22T18:25:47 IST" name="addToCart" finished-at="2023-06-22T18:25:51 IST" duration-ms="4127" status="PASS">
          <reporter-output>
          </reporter-output>
        </test-method> <!-- addToCart -->
      </class> <!-- testCases.addToCartAndVerify -->
    </test> <!-- Default test -->
  </suite> <!-- Default suite -->
</testng-results>
